\BOOKMARK [0][]{chap:kurzfassung.0}{Kurzfassung}{}% 1
\BOOKMARK [0][]{chap:contents.0}{Contents}{}% 2
\BOOKMARK [0][]{chapter.1}{Anforderungen an das Programm}{}% 3
\BOOKMARK [0][]{chapter.2}{Unterschiede gegen\374ber dem einfachen Travelling Salesman Problem}{}% 4
\BOOKMARK [0][]{chapter.3}{Der Algorithmus}{}% 5
\BOOKMARK [1][]{section.3.1}{Basis}{chapter.3}% 6
\BOOKMARK [1][]{section.3.2}{Testing}{chapter.3}% 7
\BOOKMARK [1][]{section.3.3}{Gleiche Wegkosten - Gemeinsam oder getrennt betrachten?}{chapter.3}% 8
\BOOKMARK [1][]{section.3.4}{Wegkostenberechnung: Folgen, nicht folgen oder nur teilweise folgen?}{chapter.3}% 9
\BOOKMARK [1][]{section.3.5}{Robustheitspr\374fung}{chapter.3}% 10
\BOOKMARK [2][]{subsection.3.5.1}{Standard H\366henfeststellung}{section.3.5}% 11
\BOOKMARK [2][]{subsection.3.5.2}{Fortgeschrittene H\366henfeststellung}{section.3.5}% 12
\BOOKMARK [0][]{chapter.4}{Die GUI}{}% 13
\BOOKMARK [0][]{chapter.5}{Bekannte Probleme}{}% 14
\BOOKMARK [1][]{subsection.5.0.1}{GUI: Alternative Routen}{chapter.5}% 15
\BOOKMARK [2][]{subsection.5.0.2}{GUI: Polylinien}{subsection.5.0.1}% 16
\BOOKMARK [2][]{subsection.5.0.3}{Anfragen zusammenfassen}{subsection.5.0.1}% 17
\BOOKMARK [2][]{subsection.5.0.4}{Abfahrzeit}{subsection.5.0.1}% 18
\BOOKMARK [0][]{chapter*.16}{Abbildungsverzeichnis}{}% 19
\BOOKMARK [0][]{chapter*.17}{Tabellenverzeichnis}{}% 20
\BOOKMARK [0][]{chapter*.18}{Listingsverzeichnis}{}% 21
\BOOKMARK [0][]{chapter*.19}{Abk\374rzungsverzeichnis}{}% 22
